2026-03-29 13:16:39 [INFO] DroneSwarm: Logger initialised — session started at 2026-03-29T13:16:39.649534
2026-03-29 13:16:39 [INFO] Swarm: Logger initialised — session started at 2026-03-29T13:16:39.654411
2026-03-29 13:16:40 [DEBUG] Swarm: Spawned 20 drones near centre=[30.0, 30.0, 15.0]
2026-03-29 13:16:40 [INFO] Swarm: Swarm initialised: 20 drones, mode=boids
2026-03-29 13:18:21 [INFO] Swarm: Removed drone id=20  (total=19)
2026-03-29 13:18:21 [INFO] Swarm: Removed drone id=19  (total=18)
2026-03-29 13:18:21 [INFO] Swarm: Removed drone id=18  (total=17)
2026-03-29 13:18:21 [INFO] Swarm: Removed drone id=17  (total=16)
2026-03-29 13:18:21 [INFO] Swarm: Removed drone id=16  (total=15)
2026-03-29 13:18:21 [INFO] Swarm: Removed drone id=15  (total=14)
2026-03-29 13:18:21 [INFO] Swarm: Removed drone id=14  (total=13)
2026-03-29 13:18:21 [INFO] Swarm: Removed drone id=13  (total=12)
2026-03-29 13:18:21 [INFO] Swarm: Removed drone id=12  (total=11)
2026-03-29 13:18:21 [INFO] Swarm: Removed drone id=11  (total=10)
2026-03-29 13:18:21 [INFO] Swarm: Removed drone id=10  (total=9)
2026-03-29 13:18:21 [INFO] Swarm: Removed drone id=9  (total=8)
2026-03-29 13:18:21 [INFO] Swarm: Removed drone id=8  (total=7)
2026-03-29 13:22:37 [INFO] Swarm: Removed drone id=7  (total=6)
2026-03-29 13:22:37 [INFO] Swarm: Removed drone id=6  (total=5)
2026-03-29 13:22:58 [INFO] Swarm: Added drone id=21  (total=6)
2026-03-29 13:22:58 [INFO] Swarm: Added drone id=22  (total=7)
2026-03-29 13:22:58 [INFO] Swarm: Added drone id=23  (total=8)
2026-03-29 13:22:58 [INFO] Swarm: Added drone id=24  (total=9)
2026-03-29 13:22:58 [INFO] Swarm: Added drone id=25  (total=10)
2026-03-29 13:22:58 [INFO] Swarm: Added drone id=26  (total=11)
2026-03-29 13:22:58 [INFO] Swarm: Added drone id=27  (total=12)
2026-03-29 13:22:58 [INFO] Swarm: Added drone id=28  (total=13)
2026-03-29 13:22:58 [INFO] Swarm: Added drone id=29  (total=14)
2026-03-29 13:22:58 [INFO] Swarm: Added drone id=30  (total=15)
2026-03-29 13:22:58 [INFO] Swarm: Added drone id=31  (total=16)
2026-03-29 13:22:58 [INFO] Swarm: Added drone id=32  (total=17)
2026-03-29 13:22:58 [INFO] Swarm: Added drone id=33  (total=18)
2026-03-29 13:22:58 [INFO] Swarm: Added drone id=34  (total=19)
2026-03-29 13:22:58 [INFO] Swarm: Added drone id=35  (total=20)
2026-03-29 13:22:58 [INFO] Swarm: Added drone id=36  (total=21)
2026-03-29 13:22:58 [INFO] Swarm: Added drone id=37  (total=22)
2026-03-29 13:22:58 [INFO] Swarm: Added drone id=38  (total=23)
2026-03-29 13:22:58 [INFO] Swarm: Added drone id=39  (total=24)
2026-03-29 13:22:58 [INFO] Swarm: Added drone id=40  (total=25)
2026-03-29 13:22:58 [INFO] Swarm: Added drone id=41  (total=26)
2026-03-29 13:22:58 [INFO] Swarm: Added drone id=42  (total=27)
2026-03-29 13:22:58 [INFO] Swarm: Added drone id=43  (total=28)
2026-03-29 13:22:58 [INFO] Swarm: Added drone id=44  (total=29)
2026-03-29 13:22:58 [INFO] Swarm: Added drone id=45  (total=30)
2026-03-29 13:22:58 [INFO] Swarm: Added drone id=46  (total=31)
2026-03-29 13:22:58 [INFO] Swarm: Added drone id=47  (total=32)
2026-03-29 13:22:58 [INFO] Swarm: Added drone id=48  (total=33)
2026-03-29 13:22:58 [INFO] Swarm: Added drone id=49  (total=34)
2026-03-29 13:22:58 [INFO] Swarm: Added drone id=50  (total=35)
2026-03-29 13:22:58 [INFO] Swarm: Added drone id=51  (total=36)
2026-03-29 13:22:58 [INFO] Swarm: Added drone id=52  (total=37)
2026-03-29 13:22:58 [INFO] Swarm: Added drone id=53  (total=38)
2026-03-29 13:22:58 [INFO] Swarm: Added drone id=54  (total=39)
2026-03-29 13:22:58 [INFO] Swarm: Added drone id=55  (total=40)
2026-03-29 13:22:58 [INFO] Swarm: Added drone id=56  (total=41)
2026-03-29 13:22:58 [INFO] Swarm: Added drone id=57  (total=42)
2026-03-29 13:23:05 [INFO] Swarm: Removed drone id=57  (total=41)
2026-03-29 13:23:05 [INFO] Swarm: Removed drone id=56  (total=40)
2026-03-29 13:23:05 [INFO] Swarm: Removed drone id=55  (total=39)
2026-03-29 13:23:05 [INFO] Swarm: Removed drone id=54  (total=38)
2026-03-29 13:23:06 [INFO] Swarm: Removed drone id=53  (total=37)
2026-03-29 13:23:06 [INFO] Swarm: Removed drone id=52  (total=36)
2026-03-29 13:23:06 [INFO] Swarm: Removed drone id=51  (total=35)
2026-03-29 13:23:06 [INFO] Swarm: Removed drone id=50  (total=34)
2026-03-29 13:23:06 [INFO] Swarm: Removed drone id=49  (total=33)
2026-03-29 13:23:06 [INFO] Swarm: Removed drone id=48  (total=32)
2026-03-29 13:23:06 [INFO] Swarm: Removed drone id=47  (total=31)
2026-03-29 13:23:06 [INFO] Swarm: Removed drone id=46  (total=30)
2026-03-29 13:23:06 [INFO] Swarm: Removed drone id=45  (total=29)
2026-03-29 13:23:06 [INFO] Swarm: Removed drone id=44  (total=28)
2026-03-29 13:23:06 [INFO] Swarm: Removed drone id=43  (total=27)
2026-03-29 13:23:06 [INFO] Swarm: Removed drone id=42  (total=26)
2026-03-29 13:23:06 [INFO] Swarm: Removed drone id=41  (total=25)
2026-03-29 13:23:06 [INFO] Swarm: Removed drone id=40  (total=24)
2026-03-29 13:23:06 [INFO] Swarm: Removed drone id=39  (total=23)
2026-03-29 13:23:06 [INFO] Swarm: Removed drone id=38  (total=22)
2026-03-29 13:23:06 [INFO] Swarm: Removed drone id=37  (total=21)
2026-03-29 13:23:06 [INFO] Swarm: Removed drone id=36  (total=20)
2026-03-29 13:23:06 [INFO] Swarm: Removed drone id=35  (total=19)
2026-03-29 13:23:06 [INFO] Swarm: Removed drone id=34  (total=18)
2026-03-29 13:23:06 [INFO] Swarm: Removed drone id=33  (total=17)
2026-03-29 13:23:06 [INFO] Swarm: Removed drone id=32  (total=16)
2026-03-29 13:23:06 [INFO] Swarm: Removed drone id=31  (total=15)
